<?xml version="1.0" encoding="UTF-8"?>
<testsuite xmlns:xsi="http://www.w3.org/2001/XMLSchema-instance" xsi:noNamespaceSchemaLocation="https://maven.apache.org/surefire/maven-surefire-plugin/xsd/surefire-test-report-3.0.xsd" version="3.0" name="TestSuite" time="30.702" tests="3" errors="0" skipped="0" failures="0">
  <properties>
    <property name="gopherProxySet" value="false"/>
    <property name="awt.toolkit" value="sun.lwawt.macosx.LWCToolkit"/>
    <property name="file.encoding.pkg" value="sun.io"/>
    <property name="java.specification.version" value="1.8"/>
    <property name="sun.cpu.isalist" value=""/>
    <property name="sun.jnu.encoding" value="UTF-8"/>
    <property name="java.class.path" value="/Users/nishant/Desktop/refform/Cucumber_Proj/target/test-classes:/Users/nishant/Desktop/refform/Cucumber_Proj/target/classes:/Users/nishant/.m2/repository/io/github/bonigarcia/webdrivermanager/4.0.0/webdrivermanager-4.0.0.jar:/Users/nishant/.m2/repository/org/slf4j/slf4j-api/1.7.30/slf4j-api-1.7.30.jar:/Users/nishant/.m2/repository/com/google/code/gson/gson/2.8.6/gson-2.8.6.jar:/Users/nishant/.m2/repository/org/apache/httpcomponents/client5/httpclient5/5.0/httpclient5-5.0.jar:/Users/nishant/.m2/repository/org/apache/httpcomponents/core5/httpcore5/5.0/httpcore5-5.0.jar:/Users/nishant/.m2/repository/org/apache/httpcomponents/core5/httpcore5-h2/5.0/httpcore5-h2-5.0.jar:/Users/nishant/.m2/repository/org/rauschig/jarchivelib/1.0.0/jarchivelib-1.0.0.jar:/Users/nishant/.m2/repository/org/apache/commons/commons-compress/1.18/commons-compress-1.18.jar:/Users/nishant/.m2/repository/org/jsoup/jsoup/1.13.1/jsoup-1.13.1.jar:/Users/nishant/.m2/repository/info/cukes/gherkin/2.12.2/gherkin-2.12.2.jar:/Users/nishant/.m2/repository/org/seleniumhq/selenium/selenium-java/3.13.0/selenium-java-3.13.0.jar:/Users/nishant/.m2/repository/org/seleniumhq/selenium/selenium-api/3.13.0/selenium-api-3.13.0.jar:/Users/nishant/.m2/repository/org/seleniumhq/selenium/selenium-chrome-driver/3.13.0/selenium-chrome-driver-3.13.0.jar:/Users/nishant/.m2/repository/org/seleniumhq/selenium/selenium-edge-driver/3.13.0/selenium-edge-driver-3.13.0.jar:/Users/nishant/.m2/repository/org/seleniumhq/selenium/selenium-firefox-driver/3.13.0/selenium-firefox-driver-3.13.0.jar:/Users/nishant/.m2/repository/org/seleniumhq/selenium/selenium-ie-driver/3.13.0/selenium-ie-driver-3.13.0.jar:/Users/nishant/.m2/repository/org/seleniumhq/selenium/selenium-opera-driver/3.13.0/selenium-opera-driver-3.13.0.jar:/Users/nishant/.m2/repository/org/seleniumhq/selenium/selenium-remote-driver/3.13.0/selenium-remote-driver-3.13.0.jar:/Users/nishant/.m2/repository/org/seleniumhq/selenium/selenium-safari-driver/3.13.0/selenium-safari-driver-3.13.0.jar:/Users/nishant/.m2/repository/org/seleniumhq/selenium/selenium-support/3.13.0/selenium-support-3.13.0.jar:/Users/nishant/.m2/repository/net/bytebuddy/byte-buddy/1.8.3/byte-buddy-1.8.3.jar:/Users/nishant/.m2/repository/org/apache/commons/commons-exec/1.3/commons-exec-1.3.jar:/Users/nishant/.m2/repository/commons-codec/commons-codec/1.10/commons-codec-1.10.jar:/Users/nishant/.m2/repository/org/apache/httpcomponents/httpclient/4.5.5/httpclient-4.5.5.jar:/Users/nishant/.m2/repository/org/apache/httpcomponents/httpcore/4.4.9/httpcore-4.4.9.jar:/Users/nishant/.m2/repository/com/squareup/okhttp3/okhttp/3.10.0/okhttp-3.10.0.jar:/Users/nishant/.m2/repository/com/squareup/okio/okio/1.14.1/okio-1.14.1.jar:/Users/nishant/.m2/repository/io/appium/java-client/6.1.0/java-client-6.1.0.jar:/Users/nishant/.m2/repository/cglib/cglib/3.2.6/cglib-3.2.6.jar:/Users/nishant/.m2/repository/org/ow2/asm/asm/6.0/asm-6.0.jar:/Users/nishant/.m2/repository/commons-validator/commons-validator/1.6/commons-validator-1.6.jar:/Users/nishant/.m2/repository/commons-beanutils/commons-beanutils/1.9.2/commons-beanutils-1.9.2.jar:/Users/nishant/.m2/repository/commons-digester/commons-digester/1.8.1/commons-digester-1.8.1.jar:/Users/nishant/.m2/repository/commons-collections/commons-collections/3.2.2/commons-collections-3.2.2.jar:/Users/nishant/.m2/repository/org/springframework/spring-context/5.0.5.RELEASE/spring-context-5.0.5.RELEASE.jar:/Users/nishant/.m2/repository/org/springframework/spring-aop/5.0.5.RELEASE/spring-aop-5.0.5.RELEASE.jar:/Users/nishant/.m2/repository/org/springframework/spring-beans/5.0.5.RELEASE/spring-beans-5.0.5.RELEASE.jar:/Users/nishant/.m2/repository/org/springframework/spring-core/5.0.5.RELEASE/spring-core-5.0.5.RELEASE.jar:/Users/nishant/.m2/repository/org/springframework/spring-jcl/5.0.5.RELEASE/spring-jcl-5.0.5.RELEASE.jar:/Users/nishant/.m2/repository/org/springframework/spring-expression/5.0.5.RELEASE/spring-expression-5.0.5.RELEASE.jar:/Users/nishant/.m2/repository/org/aspectj/aspectjweaver/1.9.1/aspectjweaver-1.9.1.jar:/Users/nishant/.m2/repository/org/openpnp/opencv/3.2.0-1/opencv-3.2.0-1.jar:/Users/nishant/.m2/repository/io/cucumber/cucumber-java/2.0.0/cucumber-java-2.0.0.jar:/Users/nishant/.m2/repository/io/cucumber/cucumber-core/2.0.0/cucumber-core-2.0.0.jar:/Users/nishant/.m2/repository/info/cukes/cucumber-html/0.2.6/cucumber-html-0.2.6.jar:/Users/nishant/.m2/repository/io/cucumber/tag-expressions/1.0.1/tag-expressions-1.0.1.jar:/Users/nishant/.m2/repository/com/google/guava/guava/29.0-jre/guava-29.0-jre.jar:/Users/nishant/.m2/repository/com/google/guava/failureaccess/1.0.1/failureaccess-1.0.1.jar:/Users/nishant/.m2/repository/com/google/guava/listenablefuture/9999.0-empty-to-avoid-conflict-with-guava/listenablefuture-9999.0-empty-to-avoid-conflict-with-guava.jar:/Users/nishant/.m2/repository/com/google/code/findbugs/jsr305/3.0.2/jsr305-3.0.2.jar:/Users/nishant/.m2/repository/org/checkerframework/checker-qual/2.11.1/checker-qual-2.11.1.jar:/Users/nishant/.m2/repository/com/google/errorprone/error_prone_annotations/2.3.4/error_prone_annotations-2.3.4.jar:/Users/nishant/.m2/repository/com/google/j2objc/j2objc-annotations/1.3/j2objc-annotations-1.3.jar:/Users/nishant/.m2/repository/io/cucumber/cucumber-picocontainer/2.1.0/cucumber-picocontainer-2.1.0.jar:/Users/nishant/.m2/repository/io/cucumber/gherkin/5.0.0/gherkin-5.0.0.jar:/Users/nishant/.m2/repository/org/picocontainer/picocontainer/2.15/picocontainer-2.15.jar:/Users/nishant/.m2/repository/io/cucumber/cucumber-testng/2.0.0/cucumber-testng-2.0.0.jar:/Users/nishant/.m2/repository/org/testng/testng/6.9.9/testng-6.9.9.jar:/Users/nishant/.m2/repository/junit/junit/4.10/junit-4.10.jar:/Users/nishant/.m2/repository/org/hamcrest/hamcrest-core/1.1/hamcrest-core-1.1.jar:/Users/nishant/.m2/repository/com/beust/jcommander/1.48/jcommander-1.48.jar:/Users/nishant/.m2/repository/org/apache/ant/ant/1.7.0/ant-1.7.0.jar:/Users/nishant/.m2/repository/org/apache/ant/ant-launcher/1.7.0/ant-launcher-1.7.0.jar:/Users/nishant/.m2/repository/org/yaml/snakeyaml/1.15/snakeyaml-1.15.jar:/Users/nishant/.m2/repository/org/beanshell/bsh/2.0b4/bsh-2.0b4.jar:/Users/nishant/.m2/repository/net/masterthought/cucumber-reporting/4.0.0/cucumber-reporting-4.0.0.jar:/Users/nishant/.m2/repository/com/fasterxml/jackson/core/jackson-databind/2.9.6/jackson-databind-2.9.6.jar:/Users/nishant/.m2/repository/com/fasterxml/jackson/core/jackson-annotations/2.9.0/jackson-annotations-2.9.0.jar:/Users/nishant/.m2/repository/com/fasterxml/jackson/core/jackson-core/2.9.6/jackson-core-2.9.6.jar:/Users/nishant/.m2/repository/org/apache/velocity/velocity/1.7/velocity-1.7.jar:/Users/nishant/.m2/repository/commons-lang/commons-lang/2.4/commons-lang-2.4.jar:/Users/nishant/.m2/repository/velocity-tools/velocity-tools/1.4/velocity-tools-1.4.jar:/Users/nishant/.m2/repository/joda-time/joda-time/2.10/joda-time-2.10.jar:/Users/nishant/.m2/repository/net/lingala/zip4j/zip4j/1.3.2/zip4j-1.3.2.jar:/Users/nishant/.m2/repository/org/codehaus/plexus/plexus-utils/3.1.0/plexus-utils-3.1.0.jar:/Users/nishant/.m2/repository/com/googlecode/owasp-java-html-sanitizer/owasp-java-html-sanitizer/20180219.1/owasp-java-html-sanitizer-20180219.1.jar:/Users/nishant/.m2/repository/commons-configuration/commons-configuration/1.10/commons-configuration-1.10.jar:/Users/nishant/.m2/repository/org/jetbrains/annotations/16.0.1/annotations-16.0.1.jar:/Users/nishant/.m2/repository/io/cucumber/cucumber-jvm-deps/1.0.6/cucumber-jvm-deps-1.0.6.jar:/Users/nishant/.m2/repository/commons-io/commons-io/2.4/commons-io-2.4.jar:/Users/nishant/.m2/repository/org/apache/commons/commons-lang3/3.8/commons-lang3-3.8.jar:/Users/nishant/.m2/repository/commons-logging/commons-logging/1.1.3/commons-logging-1.1.3.jar:"/>
    <property name="java.vm.vendor" value="AdoptOpenJDK"/>
    <property name="sun.arch.data.model" value="64"/>
    <property name="java.vendor.url" value="https://adoptopenjdk.net/"/>
    <property name="user.timezone" value=""/>
    <property name="java.vm.specification.version" value="1.8"/>
    <property name="os.name" value="Mac OS X"/>
    <property name="user.country" value="IN"/>
    <property name="sun.java.launcher" value="SUN_STANDARD"/>
    <property name="sun.boot.library.path" value="/Library/Java/JavaVirtualMachines/adoptopenjdk-8.jdk/Contents/Home/jre/lib"/>
    <property name="sun.java.command" value="/Users/nishant/Desktop/refform/Cucumber_Proj/target/surefire/surefirebooter1550007583509283911.jar /Users/nishant/Desktop/refform/Cucumber_Proj/target/surefire 2021-05-06T12-46-05_760-jvmRun1 surefire4145752689048803031tmp surefire_03329585312904537969tmp"/>
    <property name="surefire.test.class.path" value="/Users/nishant/Desktop/refform/Cucumber_Proj/target/test-classes:/Users/nishant/Desktop/refform/Cucumber_Proj/target/classes:/Users/nishant/.m2/repository/io/github/bonigarcia/webdrivermanager/4.0.0/webdrivermanager-4.0.0.jar:/Users/nishant/.m2/repository/org/slf4j/slf4j-api/1.7.30/slf4j-api-1.7.30.jar:/Users/nishant/.m2/repository/com/google/code/gson/gson/2.8.6/gson-2.8.6.jar:/Users/nishant/.m2/repository/org/apache/httpcomponents/client5/httpclient5/5.0/httpclient5-5.0.jar:/Users/nishant/.m2/repository/org/apache/httpcomponents/core5/httpcore5/5.0/httpcore5-5.0.jar:/Users/nishant/.m2/repository/org/apache/httpcomponents/core5/httpcore5-h2/5.0/httpcore5-h2-5.0.jar:/Users/nishant/.m2/repository/org/rauschig/jarchivelib/1.0.0/jarchivelib-1.0.0.jar:/Users/nishant/.m2/repository/org/apache/commons/commons-compress/1.18/commons-compress-1.18.jar:/Users/nishant/.m2/repository/org/jsoup/jsoup/1.13.1/jsoup-1.13.1.jar:/Users/nishant/.m2/repository/info/cukes/gherkin/2.12.2/gherkin-2.12.2.jar:/Users/nishant/.m2/repository/org/seleniumhq/selenium/selenium-java/3.13.0/selenium-java-3.13.0.jar:/Users/nishant/.m2/repository/org/seleniumhq/selenium/selenium-api/3.13.0/selenium-api-3.13.0.jar:/Users/nishant/.m2/repository/org/seleniumhq/selenium/selenium-chrome-driver/3.13.0/selenium-chrome-driver-3.13.0.jar:/Users/nishant/.m2/repository/org/seleniumhq/selenium/selenium-edge-driver/3.13.0/selenium-edge-driver-3.13.0.jar:/Users/nishant/.m2/repository/org/seleniumhq/selenium/selenium-firefox-driver/3.13.0/selenium-firefox-driver-3.13.0.jar:/Users/nishant/.m2/repository/org/seleniumhq/selenium/selenium-ie-driver/3.13.0/selenium-ie-driver-3.13.0.jar:/Users/nishant/.m2/repository/org/seleniumhq/selenium/selenium-opera-driver/3.13.0/selenium-opera-driver-3.13.0.jar:/Users/nishant/.m2/repository/org/seleniumhq/selenium/selenium-remote-driver/3.13.0/selenium-remote-driver-3.13.0.jar:/Users/nishant/.m2/repository/org/seleniumhq/selenium/selenium-safari-driver/3.13.0/selenium-safari-driver-3.13.0.jar:/Users/nishant/.m2/repository/org/seleniumhq/selenium/selenium-support/3.13.0/selenium-support-3.13.0.jar:/Users/nishant/.m2/repository/net/bytebuddy/byte-buddy/1.8.3/byte-buddy-1.8.3.jar:/Users/nishant/.m2/repository/org/apache/commons/commons-exec/1.3/commons-exec-1.3.jar:/Users/nishant/.m2/repository/commons-codec/commons-codec/1.10/commons-codec-1.10.jar:/Users/nishant/.m2/repository/org/apache/httpcomponents/httpclient/4.5.5/httpclient-4.5.5.jar:/Users/nishant/.m2/repository/org/apache/httpcomponents/httpcore/4.4.9/httpcore-4.4.9.jar:/Users/nishant/.m2/repository/com/squareup/okhttp3/okhttp/3.10.0/okhttp-3.10.0.jar:/Users/nishant/.m2/repository/com/squareup/okio/okio/1.14.1/okio-1.14.1.jar:/Users/nishant/.m2/repository/io/appium/java-client/6.1.0/java-client-6.1.0.jar:/Users/nishant/.m2/repository/cglib/cglib/3.2.6/cglib-3.2.6.jar:/Users/nishant/.m2/repository/org/ow2/asm/asm/6.0/asm-6.0.jar:/Users/nishant/.m2/repository/commons-validator/commons-validator/1.6/commons-validator-1.6.jar:/Users/nishant/.m2/repository/commons-beanutils/commons-beanutils/1.9.2/commons-beanutils-1.9.2.jar:/Users/nishant/.m2/repository/commons-digester/commons-digester/1.8.1/commons-digester-1.8.1.jar:/Users/nishant/.m2/repository/commons-collections/commons-collections/3.2.2/commons-collections-3.2.2.jar:/Users/nishant/.m2/repository/org/springframework/spring-context/5.0.5.RELEASE/spring-context-5.0.5.RELEASE.jar:/Users/nishant/.m2/repository/org/springframework/spring-aop/5.0.5.RELEASE/spring-aop-5.0.5.RELEASE.jar:/Users/nishant/.m2/repository/org/springframework/spring-beans/5.0.5.RELEASE/spring-beans-5.0.5.RELEASE.jar:/Users/nishant/.m2/repository/org/springframework/spring-core/5.0.5.RELEASE/spring-core-5.0.5.RELEASE.jar:/Users/nishant/.m2/repository/org/springframework/spring-jcl/5.0.5.RELEASE/spring-jcl-5.0.5.RELEASE.jar:/Users/nishant/.m2/repository/org/springframework/spring-expression/5.0.5.RELEASE/spring-expression-5.0.5.RELEASE.jar:/Users/nishant/.m2/repository/org/aspectj/aspectjweaver/1.9.1/aspectjweaver-1.9.1.jar:/Users/nishant/.m2/repository/org/openpnp/opencv/3.2.0-1/opencv-3.2.0-1.jar:/Users/nishant/.m2/repository/io/cucumber/cucumber-java/2.0.0/cucumber-java-2.0.0.jar:/Users/nishant/.m2/repository/io/cucumber/cucumber-core/2.0.0/cucumber-core-2.0.0.jar:/Users/nishant/.m2/repository/info/cukes/cucumber-html/0.2.6/cucumber-html-0.2.6.jar:/Users/nishant/.m2/repository/io/cucumber/tag-expressions/1.0.1/tag-expressions-1.0.1.jar:/Users/nishant/.m2/repository/com/google/guava/guava/29.0-jre/guava-29.0-jre.jar:/Users/nishant/.m2/repository/com/google/guava/failureaccess/1.0.1/failureaccess-1.0.1.jar:/Users/nishant/.m2/repository/com/google/guava/listenablefuture/9999.0-empty-to-avoid-conflict-with-guava/listenablefuture-9999.0-empty-to-avoid-conflict-with-guava.jar:/Users/nishant/.m2/repository/com/google/code/findbugs/jsr305/3.0.2/jsr305-3.0.2.jar:/Users/nishant/.m2/repository/org/checkerframework/checker-qual/2.11.1/checker-qual-2.11.1.jar:/Users/nishant/.m2/repository/com/google/errorprone/error_prone_annotations/2.3.4/error_prone_annotations-2.3.4.jar:/Users/nishant/.m2/repository/com/google/j2objc/j2objc-annotations/1.3/j2objc-annotations-1.3.jar:/Users/nishant/.m2/repository/io/cucumber/cucumber-picocontainer/2.1.0/cucumber-picocontainer-2.1.0.jar:/Users/nishant/.m2/repository/io/cucumber/gherkin/5.0.0/gherkin-5.0.0.jar:/Users/nishant/.m2/repository/org/picocontainer/picocontainer/2.15/picocontainer-2.15.jar:/Users/nishant/.m2/repository/io/cucumber/cucumber-testng/2.0.0/cucumber-testng-2.0.0.jar:/Users/nishant/.m2/repository/org/testng/testng/6.9.9/testng-6.9.9.jar:/Users/nishant/.m2/repository/junit/junit/4.10/junit-4.10.jar:/Users/nishant/.m2/repository/org/hamcrest/hamcrest-core/1.1/hamcrest-core-1.1.jar:/Users/nishant/.m2/repository/com/beust/jcommander/1.48/jcommander-1.48.jar:/Users/nishant/.m2/repository/org/apache/ant/ant/1.7.0/ant-1.7.0.jar:/Users/nishant/.m2/repository/org/apache/ant/ant-launcher/1.7.0/ant-launcher-1.7.0.jar:/Users/nishant/.m2/repository/org/yaml/snakeyaml/1.15/snakeyaml-1.15.jar:/Users/nishant/.m2/repository/org/beanshell/bsh/2.0b4/bsh-2.0b4.jar:/Users/nishant/.m2/repository/net/masterthought/cucumber-reporting/4.0.0/cucumber-reporting-4.0.0.jar:/Users/nishant/.m2/repository/com/fasterxml/jackson/core/jackson-databind/2.9.6/jackson-databind-2.9.6.jar:/Users/nishant/.m2/repository/com/fasterxml/jackson/core/jackson-annotations/2.9.0/jackson-annotations-2.9.0.jar:/Users/nishant/.m2/repository/com/fasterxml/jackson/core/jackson-core/2.9.6/jackson-core-2.9.6.jar:/Users/nishant/.m2/repository/org/apache/velocity/velocity/1.7/velocity-1.7.jar:/Users/nishant/.m2/repository/commons-lang/commons-lang/2.4/commons-lang-2.4.jar:/Users/nishant/.m2/repository/velocity-tools/velocity-tools/1.4/velocity-tools-1.4.jar:/Users/nishant/.m2/repository/joda-time/joda-time/2.10/joda-time-2.10.jar:/Users/nishant/.m2/repository/net/lingala/zip4j/zip4j/1.3.2/zip4j-1.3.2.jar:/Users/nishant/.m2/repository/org/codehaus/plexus/plexus-utils/3.1.0/plexus-utils-3.1.0.jar:/Users/nishant/.m2/repository/com/googlecode/owasp-java-html-sanitizer/owasp-java-html-sanitizer/20180219.1/owasp-java-html-sanitizer-20180219.1.jar:/Users/nishant/.m2/repository/commons-configuration/commons-configuration/1.10/commons-configuration-1.10.jar:/Users/nishant/.m2/repository/org/jetbrains/annotations/16.0.1/annotations-16.0.1.jar:/Users/nishant/.m2/repository/io/cucumber/cucumber-jvm-deps/1.0.6/cucumber-jvm-deps-1.0.6.jar:/Users/nishant/.m2/repository/commons-io/commons-io/2.4/commons-io-2.4.jar:/Users/nishant/.m2/repository/org/apache/commons/commons-lang3/3.8/commons-lang3-3.8.jar:/Users/nishant/.m2/repository/commons-logging/commons-logging/1.1.3/commons-logging-1.1.3.jar:"/>
    <property name="sun.cpu.endian" value="little"/>
    <property name="user.home" value="/Users/nishant"/>
    <property name="user.language" value="en"/>
    <property name="java.specification.vendor" value="Oracle Corporation"/>
    <property name="java.home" value="/Library/Java/JavaVirtualMachines/adoptopenjdk-8.jdk/Contents/Home/jre"/>
    <property name="basedir" value="/Users/nishant/Desktop/refform/Cucumber_Proj"/>
    <property name="file.separator" value="/"/>
    <property name="line.separator" value="&#10;"/>
    <property name="java.vm.specification.vendor" value="Oracle Corporation"/>
    <property name="java.specification.name" value="Java Platform API Specification"/>
    <property name="java.awt.graphicsenv" value="sun.awt.CGraphicsEnvironment"/>
    <property name="surefire.real.class.path" value="/Users/nishant/Desktop/refform/Cucumber_Proj/target/surefire/surefirebooter1550007583509283911.jar"/>
    <property name="sun.boot.class.path" value="/Library/Java/JavaVirtualMachines/adoptopenjdk-8.jdk/Contents/Home/jre/lib/resources.jar:/Library/Java/JavaVirtualMachines/adoptopenjdk-8.jdk/Contents/Home/jre/lib/rt.jar:/Library/Java/JavaVirtualMachines/adoptopenjdk-8.jdk/Contents/Home/jre/lib/sunrsasign.jar:/Library/Java/JavaVirtualMachines/adoptopenjdk-8.jdk/Contents/Home/jre/lib/jsse.jar:/Library/Java/JavaVirtualMachines/adoptopenjdk-8.jdk/Contents/Home/jre/lib/jce.jar:/Library/Java/JavaVirtualMachines/adoptopenjdk-8.jdk/Contents/Home/jre/lib/charsets.jar:/Library/Java/JavaVirtualMachines/adoptopenjdk-8.jdk/Contents/Home/jre/lib/jfr.jar:/Library/Java/JavaVirtualMachines/adoptopenjdk-8.jdk/Contents/Home/jre/classes"/>
    <property name="sun.management.compiler" value="HotSpot 64-Bit Tiered Compilers"/>
    <property name="java.runtime.version" value="1.8.0_275-b01"/>
    <property name="user.name" value="nishant"/>
    <property name="path.separator" value=":"/>
    <property name="os.version" value="10.15.7"/>
    <property name="java.endorsed.dirs" value="/Library/Java/JavaVirtualMachines/adoptopenjdk-8.jdk/Contents/Home/jre/lib/endorsed"/>
    <property name="java.runtime.name" value="OpenJDK Runtime Environment"/>
    <property name="file.encoding" value="UTF-8"/>
    <property name="java.vm.name" value="OpenJDK 64-Bit Server VM"/>
    <property name="localRepository" value="/Users/nishant/.m2/repository"/>
    <property name="java.vendor.url.bug" value="https://github.com/AdoptOpenJDK/openjdk-support/issues"/>
    <property name="java.io.tmpdir" value="/var/folders/cq/kq1r5w9s3l1gryn83mdn5kbm0000gq/T/"/>
    <property name="java.version" value="1.8.0_275"/>
    <property name="user.dir" value="/Users/nishant/Desktop/refform/Cucumber_Proj"/>
    <property name="os.arch" value="x86_64"/>
    <property name="java.vm.specification.name" value="Java Virtual Machine Specification"/>
    <property name="java.awt.printerjob" value="sun.lwawt.macosx.CPrinterJob"/>
    <property name="sun.os.patch.level" value="unknown"/>
    <property name="java.library.path" value="/Users/nishant/Library/Java/Extensions:/Library/Java/Extensions:/Network/Library/Java/Extensions:/System/Library/Java/Extensions:/usr/lib/java:."/>
    <property name="java.vm.info" value="mixed mode"/>
    <property name="java.vendor" value="AdoptOpenJDK"/>
    <property name="java.vm.version" value="25.275-b01"/>
    <property name="java.ext.dirs" value="/Users/nishant/Library/Java/Extensions:/Library/Java/JavaVirtualMachines/adoptopenjdk-8.jdk/Contents/Home/jre/lib/ext:/Library/Java/Extensions:/Network/Library/Java/Extensions:/System/Library/Java/Extensions:/usr/lib/java"/>
    <property name="sun.io.unicode.encoding" value="UnicodeBig"/>
    <property name="java.class.version" value="52.0"/>
  </properties>
  <testcase name="runScenario" classname="runner.WebRunner" time="9.342"/>
  <testcase name="runScenario" classname="runner.WebRunner" time="8.318"/>
  <testcase name="runScenario" classname="runner.WebRunner" time="11.291"/>
</testsuite>