<?xml version="1.0" encoding="UTF-8"?>
<!-- Generated by org.testng.reporters.JUnitReportReporter -->
<testsuite hostname="L1123.local" name="runner.WebRunner" tests="3" failures="0" timestamp="6 May 2021 07:16:36 GMT" time="29.296" errors="0">
  <testcase name="runScenario" time="11.410" classname="runner.WebRunner"/>
  <testcase name="runScenario" time="8.429" classname="runner.WebRunner"/>
  <testcase name="runScenario" time="9.457" classname="runner.WebRunner"/>
</testsuite> <!-- runner.WebRunner -->
